[23-Aug-2022 20:11:52 UTC] PHP Fatal error:  Uncaught Error: Call to undefined function the_field() in /home/murilo/Documentos/Concluidos/Projetos_externos/Sites-WordPress/bikcraft/app/public/wp-content/themes/bikcraft/page-home.php:9
Stack trace:
#0 /home/murilo/Documentos/Concluidos/Projetos_externos/Sites-WordPress/bikcraft/app/public/wp-includes/template-loader.php(106): include()
#1 /home/murilo/Documentos/Concluidos/Projetos_externos/Sites-WordPress/bikcraft/app/public/wp-blog-header.php(19): require_once('/home/murilo/Do...')
#2 /home/murilo/Documentos/Concluidos/Projetos_externos/Sites-WordPress/bikcraft/app/public/index.php(17): require('/home/murilo/Do...')
#3 {main}
  thrown in /home/murilo/Documentos/Concluidos/Projetos_externos/Sites-WordPress/bikcraft/app/public/wp-content/themes/bikcraft/page-home.php on line 9
[23-Aug-2022 20:13:40 UTC] PHP Fatal error:  Uncaught Error: Call to undefined function the_field() in /home/murilo/Documentos/Concluidos/Projetos_externos/Sites-WordPress/bikcraft/app/public/wp-content/themes/bikcraft/page-home.php:9
Stack trace:
#0 /home/murilo/Documentos/Concluidos/Projetos_externos/Sites-WordPress/bikcraft/app/public/wp-includes/template-loader.php(106): include()
#1 /home/murilo/Documentos/Concluidos/Projetos_externos/Sites-WordPress/bikcraft/app/public/wp-blog-header.php(19): require_once('/home/murilo/Do...')
#2 /home/murilo/Documentos/Concluidos/Projetos_externos/Sites-WordPress/bikcraft/app/public/index.php(17): require('/home/murilo/Do...')
#3 {main}
  thrown in /home/murilo/Documentos/Concluidos/Projetos_externos/Sites-WordPress/bikcraft/app/public/wp-content/themes/bikcraft/page-home.php on line 9
[23-Aug-2022 20:13:48 UTC] PHP Fatal error:  Uncaught Error: Call to undefined function the_field() in /home/murilo/Documentos/Concluidos/Projetos_externos/Sites-WordPress/bikcraft/app/public/wp-content/themes/bikcraft/page-home.php:9
Stack trace:
#0 /home/murilo/Documentos/Concluidos/Projetos_externos/Sites-WordPress/bikcraft/app/public/wp-includes/template-loader.php(106): include()
#1 /home/murilo/Documentos/Concluidos/Projetos_externos/Sites-WordPress/bikcraft/app/public/wp-blog-header.php(19): require_once('/home/murilo/Do...')
#2 /home/murilo/Documentos/Concluidos/Projetos_externos/Sites-WordPress/bikcraft/app/public/index.php(17): require('/home/murilo/Do...')
#3 {main}
  thrown in /home/murilo/Documentos/Concluidos/Projetos_externos/Sites-WordPress/bikcraft/app/public/wp-content/themes/bikcraft/page-home.php on line 9
[23-Aug-2022 20:18:09 UTC] PHP Fatal error:  Uncaught Error: Call to undefined function the_field() in /home/murilo/Documentos/Concluidos/Projetos_externos/Sites-WordPress/bikcraft/app/public/wp-content/themes/bikcraft/page-home.php:9
Stack trace:
#0 /home/murilo/Documentos/Concluidos/Projetos_externos/Sites-WordPress/bikcraft/app/public/wp-includes/template-loader.php(106): include()
#1 /home/murilo/Documentos/Concluidos/Projetos_externos/Sites-WordPress/bikcraft/app/public/wp-blog-header.php(19): require_once('/home/murilo/Do...')
#2 /home/murilo/Documentos/Concluidos/Projetos_externos/Sites-WordPress/bikcraft/app/public/index.php(17): require('/home/murilo/Do...')
#3 {main}
  thrown in /home/murilo/Documentos/Concluidos/Projetos_externos/Sites-WordPress/bikcraft/app/public/wp-content/themes/bikcraft/page-home.php on line 9
[23-Aug-2022 20:18:17 UTC] PHP Fatal error:  Uncaught Error: Call to undefined function the_field() in /home/murilo/Documentos/Concluidos/Projetos_externos/Sites-WordPress/bikcraft/app/public/wp-content/themes/bikcraft/page-home.php:9
Stack trace:
#0 /home/murilo/Documentos/Concluidos/Projetos_externos/Sites-WordPress/bikcraft/app/public/wp-includes/template-loader.php(106): include()
#1 /home/murilo/Documentos/Concluidos/Projetos_externos/Sites-WordPress/bikcraft/app/public/wp-blog-header.php(19): require_once('/home/murilo/Do...')
#2 /home/murilo/Documentos/Concluidos/Projetos_externos/Sites-WordPress/bikcraft/app/public/index.php(17): require('/home/murilo/Do...')
#3 {main}
  thrown in /home/murilo/Documentos/Concluidos/Projetos_externos/Sites-WordPress/bikcraft/app/public/wp-content/themes/bikcraft/page-home.php on line 9
[23-Aug-2022 20:18:31 UTC] PHP Fatal error:  Uncaught Error: Call to undefined function the_field() in /home/murilo/Documentos/Concluidos/Projetos_externos/Sites-WordPress/bikcraft/app/public/wp-content/themes/bikcraft/page-home.php:9
Stack trace:
#0 /home/murilo/Documentos/Concluidos/Projetos_externos/Sites-WordPress/bikcraft/app/public/wp-includes/template-loader.php(106): include()
#1 /home/murilo/Documentos/Concluidos/Projetos_externos/Sites-WordPress/bikcraft/app/public/wp-blog-header.php(19): require_once('/home/murilo/Do...')
#2 /home/murilo/Documentos/Concluidos/Projetos_externos/Sites-WordPress/bikcraft/app/public/index.php(17): require('/home/murilo/Do...')
#3 {main}
  thrown in /home/murilo/Documentos/Concluidos/Projetos_externos/Sites-WordPress/bikcraft/app/public/wp-content/themes/bikcraft/page-home.php on line 9
[23-Aug-2022 20:19:11 UTC] PHP Fatal error:  Uncaught Error: Call to undefined function the_field() in /home/murilo/Documentos/Concluidos/Projetos_externos/Sites-WordPress/bikcraft/app/public/wp-content/themes/bikcraft/page-home.php:9
Stack trace:
#0 /home/murilo/Documentos/Concluidos/Projetos_externos/Sites-WordPress/bikcraft/app/public/wp-includes/template-loader.php(106): include()
#1 /home/murilo/Documentos/Concluidos/Projetos_externos/Sites-WordPress/bikcraft/app/public/wp-blog-header.php(19): require_once('/home/murilo/Do...')
#2 /home/murilo/Documentos/Concluidos/Projetos_externos/Sites-WordPress/bikcraft/app/public/index.php(17): require('/home/murilo/Do...')
#3 {main}
  thrown in /home/murilo/Documentos/Concluidos/Projetos_externos/Sites-WordPress/bikcraft/app/public/wp-content/themes/bikcraft/page-home.php on line 9
[23-Aug-2022 20:19:19 UTC] PHP Fatal error:  Uncaught Error: Call to undefined function the_field() in /home/murilo/Documentos/Concluidos/Projetos_externos/Sites-WordPress/bikcraft/app/public/wp-content/themes/bikcraft/page-home.php:9
Stack trace:
#0 /home/murilo/Documentos/Concluidos/Projetos_externos/Sites-WordPress/bikcraft/app/public/wp-includes/template-loader.php(106): include()
#1 /home/murilo/Documentos/Concluidos/Projetos_externos/Sites-WordPress/bikcraft/app/public/wp-blog-header.php(19): require_once('/home/murilo/Do...')
#2 /home/murilo/Documentos/Concluidos/Projetos_externos/Sites-WordPress/bikcraft/app/public/index.php(17): require('/home/murilo/Do...')
#3 {main}
  thrown in /home/murilo/Documentos/Concluidos/Projetos_externos/Sites-WordPress/bikcraft/app/public/wp-content/themes/bikcraft/page-home.php on line 9
[23-Aug-2022 20:22:28 UTC] PHP Fatal error:  Uncaught Error: Call to undefined function the_field() in /home/murilo/Documentos/Concluidos/Projetos_externos/Sites-WordPress/bikcraft/app/public/wp-content/themes/bikcraft/page-home.php:9
Stack trace:
#0 /home/murilo/Documentos/Concluidos/Projetos_externos/Sites-WordPress/bikcraft/app/public/wp-includes/template-loader.php(106): include()
#1 /home/murilo/Documentos/Concluidos/Projetos_externos/Sites-WordPress/bikcraft/app/public/wp-blog-header.php(19): require_once('/home/murilo/Do...')
#2 /home/murilo/Documentos/Concluidos/Projetos_externos/Sites-WordPress/bikcraft/app/public/index.php(17): require('/home/murilo/Do...')
#3 {main}
  thrown in /home/murilo/Documentos/Concluidos/Projetos_externos/Sites-WordPress/bikcraft/app/public/wp-content/themes/bikcraft/page-home.php on line 9
[23-Aug-2022 20:22:31 UTC] PHP Fatal error:  Uncaught Error: Call to undefined function the_field() in /home/murilo/Documentos/Concluidos/Projetos_externos/Sites-WordPress/bikcraft/app/public/wp-content/themes/bikcraft/page-home.php:9
Stack trace:
#0 /home/murilo/Documentos/Concluidos/Projetos_externos/Sites-WordPress/bikcraft/app/public/wp-includes/template-loader.php(106): include()
#1 /home/murilo/Documentos/Concluidos/Projetos_externos/Sites-WordPress/bikcraft/app/public/wp-blog-header.php(19): require_once('/home/murilo/Do...')
#2 /home/murilo/Documentos/Concluidos/Projetos_externos/Sites-WordPress/bikcraft/app/public/index.php(17): require('/home/murilo/Do...')
#3 {main}
  thrown in /home/murilo/Documentos/Concluidos/Projetos_externos/Sites-WordPress/bikcraft/app/public/wp-content/themes/bikcraft/page-home.php on line 9
[23-Aug-2022 20:22:32 UTC] PHP Fatal error:  Uncaught Error: Call to undefined function the_field() in /home/murilo/Documentos/Concluidos/Projetos_externos/Sites-WordPress/bikcraft/app/public/wp-content/themes/bikcraft/page-home.php:9
Stack trace:
#0 /home/murilo/Documentos/Concluidos/Projetos_externos/Sites-WordPress/bikcraft/app/public/wp-includes/template-loader.php(106): include()
#1 /home/murilo/Documentos/Concluidos/Projetos_externos/Sites-WordPress/bikcraft/app/public/wp-blog-header.php(19): require_once('/home/murilo/Do...')
#2 /home/murilo/Documentos/Concluidos/Projetos_externos/Sites-WordPress/bikcraft/app/public/index.php(17): require('/home/murilo/Do...')
#3 {main}
  thrown in /home/murilo/Documentos/Concluidos/Projetos_externos/Sites-WordPress/bikcraft/app/public/wp-content/themes/bikcraft/page-home.php on line 9
[23-Aug-2022 20:22:35 UTC] PHP Fatal error:  Uncaught Error: Call to undefined function the_field() in /home/murilo/Documentos/Concluidos/Projetos_externos/Sites-WordPress/bikcraft/app/public/wp-content/themes/bikcraft/page-home.php:9
Stack trace:
#0 /home/murilo/Documentos/Concluidos/Projetos_externos/Sites-WordPress/bikcraft/app/public/wp-includes/template-loader.php(106): include()
#1 /home/murilo/Documentos/Concluidos/Projetos_externos/Sites-WordPress/bikcraft/app/public/wp-blog-header.php(19): require_once('/home/murilo/Do...')
#2 /home/murilo/Documentos/Concluidos/Projetos_externos/Sites-WordPress/bikcraft/app/public/index.php(17): require('/home/murilo/Do...')
#3 {main}
  thrown in /home/murilo/Documentos/Concluidos/Projetos_externos/Sites-WordPress/bikcraft/app/public/wp-content/themes/bikcraft/page-home.php on line 9
[23-Aug-2022 20:22:57 UTC] PHP Fatal error:  Uncaught Error: Call to undefined function the_field() in /home/murilo/Documentos/Concluidos/Projetos_externos/Sites-WordPress/bikcraft/app/public/wp-content/themes/bikcraft/page-home.php:9
Stack trace:
#0 /home/murilo/Documentos/Concluidos/Projetos_externos/Sites-WordPress/bikcraft/app/public/wp-includes/template-loader.php(106): include()
#1 /home/murilo/Documentos/Concluidos/Projetos_externos/Sites-WordPress/bikcraft/app/public/wp-blog-header.php(19): require_once('/home/murilo/Do...')
#2 /home/murilo/Documentos/Concluidos/Projetos_externos/Sites-WordPress/bikcraft/app/public/index.php(17): require('/home/murilo/Do...')
#3 {main}
  thrown in /home/murilo/Documentos/Concluidos/Projetos_externos/Sites-WordPress/bikcraft/app/public/wp-content/themes/bikcraft/page-home.php on line 9
[23-Aug-2022 20:23:33 UTC] PHP Fatal error:  Uncaught Error: Call to undefined function the_field() in /home/murilo/Documentos/Concluidos/Projetos_externos/Sites-WordPress/bikcraft/app/public/wp-content/themes/bikcraft/page-home.php:9
Stack trace:
#0 /home/murilo/Documentos/Concluidos/Projetos_externos/Sites-WordPress/bikcraft/app/public/wp-includes/template-loader.php(106): include()
#1 /home/murilo/Documentos/Concluidos/Projetos_externos/Sites-WordPress/bikcraft/app/public/wp-blog-header.php(19): require_once('/home/murilo/Do...')
#2 /home/murilo/Documentos/Concluidos/Projetos_externos/Sites-WordPress/bikcraft/app/public/index.php(17): require('/home/murilo/Do...')
#3 {main}
  thrown in /home/murilo/Documentos/Concluidos/Projetos_externos/Sites-WordPress/bikcraft/app/public/wp-content/themes/bikcraft/page-home.php on line 9
[23-Aug-2022 20:23:34 UTC] PHP Fatal error:  Uncaught Error: Call to undefined function the_field() in /home/murilo/Documentos/Concluidos/Projetos_externos/Sites-WordPress/bikcraft/app/public/wp-content/themes/bikcraft/page-home.php:9
Stack trace:
#0 /home/murilo/Documentos/Concluidos/Projetos_externos/Sites-WordPress/bikcraft/app/public/wp-includes/template-loader.php(106): include()
#1 /home/murilo/Documentos/Concluidos/Projetos_externos/Sites-WordPress/bikcraft/app/public/wp-blog-header.php(19): require_once('/home/murilo/Do...')
#2 /home/murilo/Documentos/Concluidos/Projetos_externos/Sites-WordPress/bikcraft/app/public/index.php(17): require('/home/murilo/Do...')
#3 {main}
  thrown in /home/murilo/Documentos/Concluidos/Projetos_externos/Sites-WordPress/bikcraft/app/public/wp-content/themes/bikcraft/page-home.php on line 9
[23-Aug-2022 20:23:40 UTC] PHP Fatal error:  Uncaught Error: Call to undefined function the_field() in /home/murilo/Documentos/Concluidos/Projetos_externos/Sites-WordPress/bikcraft/app/public/wp-content/themes/bikcraft/page-home.php:9
Stack trace:
#0 /home/murilo/Documentos/Concluidos/Projetos_externos/Sites-WordPress/bikcraft/app/public/wp-includes/template-loader.php(106): include()
#1 /home/murilo/Documentos/Concluidos/Projetos_externos/Sites-WordPress/bikcraft/app/public/wp-blog-header.php(19): require_once('/home/murilo/Do...')
#2 /home/murilo/Documentos/Concluidos/Projetos_externos/Sites-WordPress/bikcraft/app/public/index.php(17): require('/home/murilo/Do...')
#3 {main}
  thrown in /home/murilo/Documentos/Concluidos/Projetos_externos/Sites-WordPress/bikcraft/app/public/wp-content/themes/bikcraft/page-home.php on line 9
[23-Aug-2022 20:23:43 UTC] PHP Fatal error:  Uncaught Error: Call to undefined function the_field() in /home/murilo/Documentos/Concluidos/Projetos_externos/Sites-WordPress/bikcraft/app/public/wp-content/themes/bikcraft/page-home.php:9
Stack trace:
#0 /home/murilo/Documentos/Concluidos/Projetos_externos/Sites-WordPress/bikcraft/app/public/wp-includes/template-loader.php(106): include()
#1 /home/murilo/Documentos/Concluidos/Projetos_externos/Sites-WordPress/bikcraft/app/public/wp-blog-header.php(19): require_once('/home/murilo/Do...')
#2 /home/murilo/Documentos/Concluidos/Projetos_externos/Sites-WordPress/bikcraft/app/public/index.php(17): require('/home/murilo/Do...')
#3 {main}
  thrown in /home/murilo/Documentos/Concluidos/Projetos_externos/Sites-WordPress/bikcraft/app/public/wp-content/themes/bikcraft/page-home.php on line 9
[23-Aug-2022 20:23:44 UTC] PHP Fatal error:  Uncaught Error: Call to undefined function the_field() in /home/murilo/Documentos/Concluidos/Projetos_externos/Sites-WordPress/bikcraft/app/public/wp-content/themes/bikcraft/page-home.php:9
Stack trace:
#0 /home/murilo/Documentos/Concluidos/Projetos_externos/Sites-WordPress/bikcraft/app/public/wp-includes/template-loader.php(106): include()
#1 /home/murilo/Documentos/Concluidos/Projetos_externos/Sites-WordPress/bikcraft/app/public/wp-blog-header.php(19): require_once('/home/murilo/Do...')
#2 /home/murilo/Documentos/Concluidos/Projetos_externos/Sites-WordPress/bikcraft/app/public/index.php(17): require('/home/murilo/Do...')
#3 {main}
  thrown in /home/murilo/Documentos/Concluidos/Projetos_externos/Sites-WordPress/bikcraft/app/public/wp-content/themes/bikcraft/page-home.php on line 9
[23-Aug-2022 20:23:44 UTC] PHP Fatal error:  Uncaught Error: Call to undefined function the_field() in /home/murilo/Documentos/Concluidos/Projetos_externos/Sites-WordPress/bikcraft/app/public/wp-content/themes/bikcraft/page-home.php:9
Stack trace:
#0 /home/murilo/Documentos/Concluidos/Projetos_externos/Sites-WordPress/bikcraft/app/public/wp-includes/template-loader.php(106): include()
#1 /home/murilo/Documentos/Concluidos/Projetos_externos/Sites-WordPress/bikcraft/app/public/wp-blog-header.php(19): require_once('/home/murilo/Do...')
#2 /home/murilo/Documentos/Concluidos/Projetos_externos/Sites-WordPress/bikcraft/app/public/index.php(17): require('/home/murilo/Do...')
#3 {main}
  thrown in /home/murilo/Documentos/Concluidos/Projetos_externos/Sites-WordPress/bikcraft/app/public/wp-content/themes/bikcraft/page-home.php on line 9
[23-Aug-2022 20:23:45 UTC] PHP Fatal error:  Uncaught Error: Call to undefined function the_field() in /home/murilo/Documentos/Concluidos/Projetos_externos/Sites-WordPress/bikcraft/app/public/wp-content/themes/bikcraft/page-home.php:9
Stack trace:
#0 /home/murilo/Documentos/Concluidos/Projetos_externos/Sites-WordPress/bikcraft/app/public/wp-includes/template-loader.php(106): include()
#1 /home/murilo/Documentos/Concluidos/Projetos_externos/Sites-WordPress/bikcraft/app/public/wp-blog-header.php(19): require_once('/home/murilo/Do...')
#2 /home/murilo/Documentos/Concluidos/Projetos_externos/Sites-WordPress/bikcraft/app/public/index.php(17): require('/home/murilo/Do...')
#3 {main}
  thrown in /home/murilo/Documentos/Concluidos/Projetos_externos/Sites-WordPress/bikcraft/app/public/wp-content/themes/bikcraft/page-home.php on line 9
[23-Aug-2022 20:23:49 UTC] PHP Fatal error:  Uncaught Error: Call to undefined function the_field() in /home/murilo/Documentos/Concluidos/Projetos_externos/Sites-WordPress/bikcraft/app/public/wp-content/themes/bikcraft/page-home.php:9
Stack trace:
#0 /home/murilo/Documentos/Concluidos/Projetos_externos/Sites-WordPress/bikcraft/app/public/wp-includes/template-loader.php(106): include()
#1 /home/murilo/Documentos/Concluidos/Projetos_externos/Sites-WordPress/bikcraft/app/public/wp-blog-header.php(19): require_once('/home/murilo/Do...')
#2 /home/murilo/Documentos/Concluidos/Projetos_externos/Sites-WordPress/bikcraft/app/public/index.php(17): require('/home/murilo/Do...')
#3 {main}
  thrown in /home/murilo/Documentos/Concluidos/Projetos_externos/Sites-WordPress/bikcraft/app/public/wp-content/themes/bikcraft/page-home.php on line 9
[23-Aug-2022 20:24:52 UTC] PHP Fatal error:  Uncaught Error: Call to undefined function the_field() in /home/murilo/Documentos/Concluidos/Projetos_externos/Sites-WordPress/bikcraft/app/public/wp-content/themes/bikcraft/page-home.php:10
Stack trace:
#0 /home/murilo/Documentos/Concluidos/Projetos_externos/Sites-WordPress/bikcraft/app/public/wp-includes/template-loader.php(106): include()
#1 /home/murilo/Documentos/Concluidos/Projetos_externos/Sites-WordPress/bikcraft/app/public/wp-blog-header.php(19): require_once('/home/murilo/Do...')
#2 /home/murilo/Documentos/Concluidos/Projetos_externos/Sites-WordPress/bikcraft/app/public/index.php(17): require('/home/murilo/Do...')
#3 {main}
  thrown in /home/murilo/Documentos/Concluidos/Projetos_externos/Sites-WordPress/bikcraft/app/public/wp-content/themes/bikcraft/page-home.php on line 10
[23-Aug-2022 20:24:53 UTC] PHP Fatal error:  Uncaught Error: Call to undefined function the_field() in /home/murilo/Documentos/Concluidos/Projetos_externos/Sites-WordPress/bikcraft/app/public/wp-content/themes/bikcraft/page-home.php:10
Stack trace:
#0 /home/murilo/Documentos/Concluidos/Projetos_externos/Sites-WordPress/bikcraft/app/public/wp-includes/template-loader.php(106): include()
#1 /home/murilo/Documentos/Concluidos/Projetos_externos/Sites-WordPress/bikcraft/app/public/wp-blog-header.php(19): require_once('/home/murilo/Do...')
#2 /home/murilo/Documentos/Concluidos/Projetos_externos/Sites-WordPress/bikcraft/app/public/index.php(17): require('/home/murilo/Do...')
#3 {main}
  thrown in /home/murilo/Documentos/Concluidos/Projetos_externos/Sites-WordPress/bikcraft/app/public/wp-content/themes/bikcraft/page-home.php on line 10
[23-Aug-2022 20:24:54 UTC] PHP Fatal error:  Uncaught Error: Call to undefined function the_field() in /home/murilo/Documentos/Concluidos/Projetos_externos/Sites-WordPress/bikcraft/app/public/wp-content/themes/bikcraft/page-home.php:10
Stack trace:
#0 /home/murilo/Documentos/Concluidos/Projetos_externos/Sites-WordPress/bikcraft/app/public/wp-includes/template-loader.php(106): include()
#1 /home/murilo/Documentos/Concluidos/Projetos_externos/Sites-WordPress/bikcraft/app/public/wp-blog-header.php(19): require_once('/home/murilo/Do...')
#2 /home/murilo/Documentos/Concluidos/Projetos_externos/Sites-WordPress/bikcraft/app/public/index.php(17): require('/home/murilo/Do...')
#3 {main}
  thrown in /home/murilo/Documentos/Concluidos/Projetos_externos/Sites-WordPress/bikcraft/app/public/wp-content/themes/bikcraft/page-home.php on line 10
[23-Aug-2022 20:25:39 UTC] PHP Fatal error:  Uncaught Error: Call to undefined function the_field() in /home/murilo/Documentos/Concluidos/Projetos_externos/Sites-WordPress/bikcraft/app/public/wp-content/themes/bikcraft/page-home.php:10
Stack trace:
#0 /home/murilo/Documentos/Concluidos/Projetos_externos/Sites-WordPress/bikcraft/app/public/wp-includes/template-loader.php(106): include()
#1 /home/murilo/Documentos/Concluidos/Projetos_externos/Sites-WordPress/bikcraft/app/public/wp-blog-header.php(19): require_once('/home/murilo/Do...')
#2 /home/murilo/Documentos/Concluidos/Projetos_externos/Sites-WordPress/bikcraft/app/public/index.php(17): require('/home/murilo/Do...')
#3 {main}
  thrown in /home/murilo/Documentos/Concluidos/Projetos_externos/Sites-WordPress/bikcraft/app/public/wp-content/themes/bikcraft/page-home.php on line 10
[23-Aug-2022 20:26:07 UTC] PHP Fatal error:  Uncaught Error: Call to undefined function the_field() in /home/murilo/Documentos/Concluidos/Projetos_externos/Sites-WordPress/bikcraft/app/public/wp-content/themes/bikcraft/page-home.php:10
Stack trace:
#0 /home/murilo/Documentos/Concluidos/Projetos_externos/Sites-WordPress/bikcraft/app/public/wp-includes/template-loader.php(106): include()
#1 /home/murilo/Documentos/Concluidos/Projetos_externos/Sites-WordPress/bikcraft/app/public/wp-blog-header.php(19): require_once('/home/murilo/Do...')
#2 /home/murilo/Documentos/Concluidos/Projetos_externos/Sites-WordPress/bikcraft/app/public/index.php(17): require('/home/murilo/Do...')
#3 {main}
  thrown in /home/murilo/Documentos/Concluidos/Projetos_externos/Sites-WordPress/bikcraft/app/public/wp-content/themes/bikcraft/page-home.php on line 10
[23-Aug-2022 20:26:08 UTC] PHP Fatal error:  Uncaught Error: Call to undefined function the_field() in /home/murilo/Documentos/Concluidos/Projetos_externos/Sites-WordPress/bikcraft/app/public/wp-content/themes/bikcraft/page-home.php:10
Stack trace:
#0 /home/murilo/Documentos/Concluidos/Projetos_externos/Sites-WordPress/bikcraft/app/public/wp-includes/template-loader.php(106): include()
#1 /home/murilo/Documentos/Concluidos/Projetos_externos/Sites-WordPress/bikcraft/app/public/wp-blog-header.php(19): require_once('/home/murilo/Do...')
#2 /home/murilo/Documentos/Concluidos/Projetos_externos/Sites-WordPress/bikcraft/app/public/index.php(17): require('/home/murilo/Do...')
#3 {main}
  thrown in /home/murilo/Documentos/Concluidos/Projetos_externos/Sites-WordPress/bikcraft/app/public/wp-content/themes/bikcraft/page-home.php on line 10
[23-Aug-2022 20:26:30 UTC] PHP Fatal error:  Uncaught Error: Call to undefined function the_field() in /home/murilo/Documentos/Concluidos/Projetos_externos/Sites-WordPress/bikcraft/app/public/wp-content/themes/bikcraft/page-home.php:10
Stack trace:
#0 /home/murilo/Documentos/Concluidos/Projetos_externos/Sites-WordPress/bikcraft/app/public/wp-includes/template-loader.php(106): include()
#1 /home/murilo/Documentos/Concluidos/Projetos_externos/Sites-WordPress/bikcraft/app/public/wp-blog-header.php(19): require_once('/home/murilo/Do...')
#2 /home/murilo/Documentos/Concluidos/Projetos_externos/Sites-WordPress/bikcraft/app/public/index.php(17): require('/home/murilo/Do...')
#3 {main}
  thrown in /home/murilo/Documentos/Concluidos/Projetos_externos/Sites-WordPress/bikcraft/app/public/wp-content/themes/bikcraft/page-home.php on line 10
[23-Aug-2022 20:26:42 UTC] PHP Fatal error:  Uncaught Error: Call to undefined function the_field() in /home/murilo/Documentos/Concluidos/Projetos_externos/Sites-WordPress/bikcraft/app/public/wp-content/themes/bikcraft/page-home.php:10
Stack trace:
#0 /home/murilo/Documentos/Concluidos/Projetos_externos/Sites-WordPress/bikcraft/app/public/wp-includes/template-loader.php(106): include()
#1 /home/murilo/Documentos/Concluidos/Projetos_externos/Sites-WordPress/bikcraft/app/public/wp-blog-header.php(19): require_once('/home/murilo/Do...')
#2 /home/murilo/Documentos/Concluidos/Projetos_externos/Sites-WordPress/bikcraft/app/public/index.php(17): require('/home/murilo/Do...')
#3 {main}
  thrown in /home/murilo/Documentos/Concluidos/Projetos_externos/Sites-WordPress/bikcraft/app/public/wp-content/themes/bikcraft/page-home.php on line 10
[23-Aug-2022 20:26:44 UTC] PHP Fatal error:  Uncaught Error: Call to undefined function the_field() in /home/murilo/Documentos/Concluidos/Projetos_externos/Sites-WordPress/bikcraft/app/public/wp-content/themes/bikcraft/page-home.php:10
Stack trace:
#0 /home/murilo/Documentos/Concluidos/Projetos_externos/Sites-WordPress/bikcraft/app/public/wp-includes/template-loader.php(106): include()
#1 /home/murilo/Documentos/Concluidos/Projetos_externos/Sites-WordPress/bikcraft/app/public/wp-blog-header.php(19): require_once('/home/murilo/Do...')
#2 /home/murilo/Documentos/Concluidos/Projetos_externos/Sites-WordPress/bikcraft/app/public/index.php(17): require('/home/murilo/Do...')
#3 {main}
  thrown in /home/murilo/Documentos/Concluidos/Projetos_externos/Sites-WordPress/bikcraft/app/public/wp-content/themes/bikcraft/page-home.php on line 10
[23-Aug-2022 20:27:03 UTC] PHP Fatal error:  Uncaught Error: Call to undefined function the_field() in /home/murilo/Documentos/Concluidos/Projetos_externos/Sites-WordPress/bikcraft/app/public/wp-content/themes/bikcraft/page-home.php:10
Stack trace:
#0 /home/murilo/Documentos/Concluidos/Projetos_externos/Sites-WordPress/bikcraft/app/public/wp-includes/template-loader.php(106): include()
#1 /home/murilo/Documentos/Concluidos/Projetos_externos/Sites-WordPress/bikcraft/app/public/wp-blog-header.php(19): require_once('/home/murilo/Do...')
#2 /home/murilo/Documentos/Concluidos/Projetos_externos/Sites-WordPress/bikcraft/app/public/index.php(17): require('/home/murilo/Do...')
#3 {main}
  thrown in /home/murilo/Documentos/Concluidos/Projetos_externos/Sites-WordPress/bikcraft/app/public/wp-content/themes/bikcraft/page-home.php on line 10
[23-Aug-2022 20:27:05 UTC] PHP Fatal error:  Uncaught Error: Call to undefined function the_field() in /home/murilo/Documentos/Concluidos/Projetos_externos/Sites-WordPress/bikcraft/app/public/wp-content/themes/bikcraft/page-home.php:10
Stack trace:
#0 /home/murilo/Documentos/Concluidos/Projetos_externos/Sites-WordPress/bikcraft/app/public/wp-includes/template-loader.php(106): include()
#1 /home/murilo/Documentos/Concluidos/Projetos_externos/Sites-WordPress/bikcraft/app/public/wp-blog-header.php(19): require_once('/home/murilo/Do...')
#2 /home/murilo/Documentos/Concluidos/Projetos_externos/Sites-WordPress/bikcraft/app/public/index.php(17): require('/home/murilo/Do...')
#3 {main}
  thrown in /home/murilo/Documentos/Concluidos/Projetos_externos/Sites-WordPress/bikcraft/app/public/wp-content/themes/bikcraft/page-home.php on line 10
[23-Aug-2022 20:27:06 UTC] PHP Fatal error:  Uncaught Error: Call to undefined function the_field() in /home/murilo/Documentos/Concluidos/Projetos_externos/Sites-WordPress/bikcraft/app/public/wp-content/themes/bikcraft/page-home.php:10
Stack trace:
#0 /home/murilo/Documentos/Concluidos/Projetos_externos/Sites-WordPress/bikcraft/app/public/wp-includes/template-loader.php(106): include()
#1 /home/murilo/Documentos/Concluidos/Projetos_externos/Sites-WordPress/bikcraft/app/public/wp-blog-header.php(19): require_once('/home/murilo/Do...')
#2 /home/murilo/Documentos/Concluidos/Projetos_externos/Sites-WordPress/bikcraft/app/public/index.php(17): require('/home/murilo/Do...')
#3 {main}
  thrown in /home/murilo/Documentos/Concluidos/Projetos_externos/Sites-WordPress/bikcraft/app/public/wp-content/themes/bikcraft/page-home.php on line 10
[23-Aug-2022 20:27:07 UTC] PHP Fatal error:  Uncaught Error: Call to undefined function the_field() in /home/murilo/Documentos/Concluidos/Projetos_externos/Sites-WordPress/bikcraft/app/public/wp-content/themes/bikcraft/page-home.php:10
Stack trace:
#0 /home/murilo/Documentos/Concluidos/Projetos_externos/Sites-WordPress/bikcraft/app/public/wp-includes/template-loader.php(106): include()
#1 /home/murilo/Documentos/Concluidos/Projetos_externos/Sites-WordPress/bikcraft/app/public/wp-blog-header.php(19): require_once('/home/murilo/Do...')
#2 /home/murilo/Documentos/Concluidos/Projetos_externos/Sites-WordPress/bikcraft/app/public/index.php(17): require('/home/murilo/Do...')
#3 {main}
  thrown in /home/murilo/Documentos/Concluidos/Projetos_externos/Sites-WordPress/bikcraft/app/public/wp-content/themes/bikcraft/page-home.php on line 10
[23-Aug-2022 20:27:11 UTC] PHP Fatal error:  Uncaught Error: Call to undefined function the_field() in /home/murilo/Documentos/Concluidos/Projetos_externos/Sites-WordPress/bikcraft/app/public/wp-content/themes/bikcraft/page-home.php:10
Stack trace:
#0 /home/murilo/Documentos/Concluidos/Projetos_externos/Sites-WordPress/bikcraft/app/public/wp-includes/template-loader.php(106): include()
#1 /home/murilo/Documentos/Concluidos/Projetos_externos/Sites-WordPress/bikcraft/app/public/wp-blog-header.php(19): require_once('/home/murilo/Do...')
#2 /home/murilo/Documentos/Concluidos/Projetos_externos/Sites-WordPress/bikcraft/app/public/index.php(17): require('/home/murilo/Do...')
#3 {main}
  thrown in /home/murilo/Documentos/Concluidos/Projetos_externos/Sites-WordPress/bikcraft/app/public/wp-content/themes/bikcraft/page-home.php on line 10
[23-Aug-2022 20:27:11 UTC] PHP Fatal error:  Uncaught Error: Call to undefined function the_field() in /home/murilo/Documentos/Concluidos/Projetos_externos/Sites-WordPress/bikcraft/app/public/wp-content/themes/bikcraft/page-home.php:10
Stack trace:
#0 /home/murilo/Documentos/Concluidos/Projetos_externos/Sites-WordPress/bikcraft/app/public/wp-includes/template-loader.php(106): include()
#1 /home/murilo/Documentos/Concluidos/Projetos_externos/Sites-WordPress/bikcraft/app/public/wp-blog-header.php(19): require_once('/home/murilo/Do...')
#2 /home/murilo/Documentos/Concluidos/Projetos_externos/Sites-WordPress/bikcraft/app/public/index.php(17): require('/home/murilo/Do...')
#3 {main}
  thrown in /home/murilo/Documentos/Concluidos/Projetos_externos/Sites-WordPress/bikcraft/app/public/wp-content/themes/bikcraft/page-home.php on line 10
[23-Aug-2022 20:27:16 UTC] PHP Fatal error:  Uncaught Error: Call to undefined function the_field() in /home/murilo/Documentos/Concluidos/Projetos_externos/Sites-WordPress/bikcraft/app/public/wp-content/themes/bikcraft/page-home.php:10
Stack trace:
#0 /home/murilo/Documentos/Concluidos/Projetos_externos/Sites-WordPress/bikcraft/app/public/wp-includes/template-loader.php(106): include()
#1 /home/murilo/Documentos/Concluidos/Projetos_externos/Sites-WordPress/bikcraft/app/public/wp-blog-header.php(19): require_once('/home/murilo/Do...')
#2 /home/murilo/Documentos/Concluidos/Projetos_externos/Sites-WordPress/bikcraft/app/public/index.php(17): require('/home/murilo/Do...')
#3 {main}
  thrown in /home/murilo/Documentos/Concluidos/Projetos_externos/Sites-WordPress/bikcraft/app/public/wp-content/themes/bikcraft/page-home.php on line 10
[23-Aug-2022 20:27:37 UTC] PHP Fatal error:  Uncaught Error: Call to undefined function the_field() in /home/murilo/Documentos/Concluidos/Projetos_externos/Sites-WordPress/bikcraft/app/public/wp-content/themes/bikcraft/page-home.php:10
Stack trace:
#0 /home/murilo/Documentos/Concluidos/Projetos_externos/Sites-WordPress/bikcraft/app/public/wp-includes/template-loader.php(106): include()
#1 /home/murilo/Documentos/Concluidos/Projetos_externos/Sites-WordPress/bikcraft/app/public/wp-blog-header.php(19): require_once('/home/murilo/Do...')
#2 /home/murilo/Documentos/Concluidos/Projetos_externos/Sites-WordPress/bikcraft/app/public/index.php(17): require('/home/murilo/Do...')
#3 {main}
  thrown in /home/murilo/Documentos/Concluidos/Projetos_externos/Sites-WordPress/bikcraft/app/public/wp-content/themes/bikcraft/page-home.php on line 10
[23-Aug-2022 20:27:53 UTC] PHP Fatal error:  Uncaught Error: Call to undefined function the_field() in /home/murilo/Documentos/Concluidos/Projetos_externos/Sites-WordPress/bikcraft/app/public/wp-content/themes/bikcraft/page-home.php:10
Stack trace:
#0 /home/murilo/Documentos/Concluidos/Projetos_externos/Sites-WordPress/bikcraft/app/public/wp-includes/template-loader.php(106): include()
#1 /home/murilo/Documentos/Concluidos/Projetos_externos/Sites-WordPress/bikcraft/app/public/wp-blog-header.php(19): require_once('/home/murilo/Do...')
#2 /home/murilo/Documentos/Concluidos/Projetos_externos/Sites-WordPress/bikcraft/app/public/index.php(17): require('/home/murilo/Do...')
#3 {main}
  thrown in /home/murilo/Documentos/Concluidos/Projetos_externos/Sites-WordPress/bikcraft/app/public/wp-content/themes/bikcraft/page-home.php on line 10
[23-Aug-2022 20:27:54 UTC] PHP Fatal error:  Uncaught Error: Call to undefined function the_field() in /home/murilo/Documentos/Concluidos/Projetos_externos/Sites-WordPress/bikcraft/app/public/wp-content/themes/bikcraft/page-home.php:10
Stack trace:
#0 /home/murilo/Documentos/Concluidos/Projetos_externos/Sites-WordPress/bikcraft/app/public/wp-includes/template-loader.php(106): include()
#1 /home/murilo/Documentos/Concluidos/Projetos_externos/Sites-WordPress/bikcraft/app/public/wp-blog-header.php(19): require_once('/home/murilo/Do...')
#2 /home/murilo/Documentos/Concluidos/Projetos_externos/Sites-WordPress/bikcraft/app/public/index.php(17): require('/home/murilo/Do...')
#3 {main}
  thrown in /home/murilo/Documentos/Concluidos/Projetos_externos/Sites-WordPress/bikcraft/app/public/wp-content/themes/bikcraft/page-home.php on line 10
[23-Aug-2022 20:28:17 UTC] PHP Fatal error:  Uncaught Error: Call to undefined function the_field() in /home/murilo/Documentos/Concluidos/Projetos_externos/Sites-WordPress/bikcraft/app/public/wp-content/themes/bikcraft/page-home.php:10
Stack trace:
#0 /home/murilo/Documentos/Concluidos/Projetos_externos/Sites-WordPress/bikcraft/app/public/wp-includes/template-loader.php(106): include()
#1 /home/murilo/Documentos/Concluidos/Projetos_externos/Sites-WordPress/bikcraft/app/public/wp-blog-header.php(19): require_once('/home/murilo/Do...')
#2 /home/murilo/Documentos/Concluidos/Projetos_externos/Sites-WordPress/bikcraft/app/public/index.php(17): require('/home/murilo/Do...')
#3 {main}
  thrown in /home/murilo/Documentos/Concluidos/Projetos_externos/Sites-WordPress/bikcraft/app/public/wp-content/themes/bikcraft/page-home.php on line 10
[23-Aug-2022 20:30:41 UTC] PHP Fatal error:  Uncaught Error: Call to undefined function the_field() in /home/murilo/Documentos/Concluidos/Projetos_externos/Sites-WordPress/bikcraft/app/public/wp-content/themes/bikcraft/page-home.php:10
Stack trace:
#0 /home/murilo/Documentos/Concluidos/Projetos_externos/Sites-WordPress/bikcraft/app/public/wp-includes/template-loader.php(106): include()
#1 /home/murilo/Documentos/Concluidos/Projetos_externos/Sites-WordPress/bikcraft/app/public/wp-blog-header.php(19): require_once('/home/murilo/Do...')
#2 /home/murilo/Documentos/Concluidos/Projetos_externos/Sites-WordPress/bikcraft/app/public/index.php(17): require('/home/murilo/Do...')
#3 {main}
  thrown in /home/murilo/Documentos/Concluidos/Projetos_externos/Sites-WordPress/bikcraft/app/public/wp-content/themes/bikcraft/page-home.php on line 10
[23-Aug-2022 20:30:53 UTC] PHP Fatal error:  Uncaught Error: Call to undefined function the_field() in /home/murilo/Documentos/Concluidos/Projetos_externos/Sites-WordPress/bikcraft/app/public/wp-content/themes/bikcraft/page-home.php:10
Stack trace:
#0 /home/murilo/Documentos/Concluidos/Projetos_externos/Sites-WordPress/bikcraft/app/public/wp-includes/template-loader.php(106): include()
#1 /home/murilo/Documentos/Concluidos/Projetos_externos/Sites-WordPress/bikcraft/app/public/wp-blog-header.php(19): require_once('/home/murilo/Do...')
#2 /home/murilo/Documentos/Concluidos/Projetos_externos/Sites-WordPress/bikcraft/app/public/index.php(17): require('/home/murilo/Do...')
#3 {main}
  thrown in /home/murilo/Documentos/Concluidos/Projetos_externos/Sites-WordPress/bikcraft/app/public/wp-content/themes/bikcraft/page-home.php on line 10
[23-Aug-2022 20:31:12 UTC] PHP Fatal error:  Uncaught Error: Call to undefined function the_field() in /home/murilo/Documentos/Concluidos/Projetos_externos/Sites-WordPress/bikcraft/app/public/wp-content/themes/bikcraft/page-home.php:10
Stack trace:
#0 /home/murilo/Documentos/Concluidos/Projetos_externos/Sites-WordPress/bikcraft/app/public/wp-includes/template-loader.php(106): include()
#1 /home/murilo/Documentos/Concluidos/Projetos_externos/Sites-WordPress/bikcraft/app/public/wp-blog-header.php(19): require_once('/home/murilo/Do...')
#2 /home/murilo/Documentos/Concluidos/Projetos_externos/Sites-WordPress/bikcraft/app/public/index.php(17): require('/home/murilo/Do...')
#3 {main}
  thrown in /home/murilo/Documentos/Concluidos/Projetos_externos/Sites-WordPress/bikcraft/app/public/wp-content/themes/bikcraft/page-home.php on line 10
[23-Aug-2022 20:31:12 UTC] PHP Fatal error:  Uncaught Error: Call to undefined function the_field() in /home/murilo/Documentos/Concluidos/Projetos_externos/Sites-WordPress/bikcraft/app/public/wp-content/themes/bikcraft/page-home.php:10
Stack trace:
#0 /home/murilo/Documentos/Concluidos/Projetos_externos/Sites-WordPress/bikcraft/app/public/wp-includes/template-loader.php(106): include()
#1 /home/murilo/Documentos/Concluidos/Projetos_externos/Sites-WordPress/bikcraft/app/public/wp-blog-header.php(19): require_once('/home/murilo/Do...')
#2 /home/murilo/Documentos/Concluidos/Projetos_externos/Sites-WordPress/bikcraft/app/public/index.php(17): require('/home/murilo/Do...')
#3 {main}
  thrown in /home/murilo/Documentos/Concluidos/Projetos_externos/Sites-WordPress/bikcraft/app/public/wp-content/themes/bikcraft/page-home.php on line 10
[23-Aug-2022 20:31:13 UTC] PHP Fatal error:  Uncaught Error: Call to undefined function the_field() in /home/murilo/Documentos/Concluidos/Projetos_externos/Sites-WordPress/bikcraft/app/public/wp-content/themes/bikcraft/page-home.php:10
Stack trace:
#0 /home/murilo/Documentos/Concluidos/Projetos_externos/Sites-WordPress/bikcraft/app/public/wp-includes/template-loader.php(106): include()
#1 /home/murilo/Documentos/Concluidos/Projetos_externos/Sites-WordPress/bikcraft/app/public/wp-blog-header.php(19): require_once('/home/murilo/Do...')
#2 /home/murilo/Documentos/Concluidos/Projetos_externos/Sites-WordPress/bikcraft/app/public/index.php(17): require('/home/murilo/Do...')
#3 {main}
  thrown in /home/murilo/Documentos/Concluidos/Projetos_externos/Sites-WordPress/bikcraft/app/public/wp-content/themes/bikcraft/page-home.php on line 10
[23-Aug-2022 20:31:13 UTC] PHP Fatal error:  Uncaught Error: Call to undefined function the_field() in /home/murilo/Documentos/Concluidos/Projetos_externos/Sites-WordPress/bikcraft/app/public/wp-content/themes/bikcraft/page-home.php:10
Stack trace:
#0 /home/murilo/Documentos/Concluidos/Projetos_externos/Sites-WordPress/bikcraft/app/public/wp-includes/template-loader.php(106): include()
#1 /home/murilo/Documentos/Concluidos/Projetos_externos/Sites-WordPress/bikcraft/app/public/wp-blog-header.php(19): require_once('/home/murilo/Do...')
#2 /home/murilo/Documentos/Concluidos/Projetos_externos/Sites-WordPress/bikcraft/app/public/index.php(17): require('/home/murilo/Do...')
#3 {main}
  thrown in /home/murilo/Documentos/Concluidos/Projetos_externos/Sites-WordPress/bikcraft/app/public/wp-content/themes/bikcraft/page-home.php on line 10
[23-Aug-2022 20:31:13 UTC] PHP Fatal error:  Uncaught Error: Call to undefined function the_field() in /home/murilo/Documentos/Concluidos/Projetos_externos/Sites-WordPress/bikcraft/app/public/wp-content/themes/bikcraft/page-home.php:10
Stack trace:
#0 /home/murilo/Documentos/Concluidos/Projetos_externos/Sites-WordPress/bikcraft/app/public/wp-includes/template-loader.php(106): include()
#1 /home/murilo/Documentos/Concluidos/Projetos_externos/Sites-WordPress/bikcraft/app/public/wp-blog-header.php(19): require_once('/home/murilo/Do...')
#2 /home/murilo/Documentos/Concluidos/Projetos_externos/Sites-WordPress/bikcraft/app/public/index.php(17): require('/home/murilo/Do...')
#3 {main}
  thrown in /home/murilo/Documentos/Concluidos/Projetos_externos/Sites-WordPress/bikcraft/app/public/wp-content/themes/bikcraft/page-home.php on line 10
[23-Aug-2022 20:31:13 UTC] PHP Fatal error:  Uncaught Error: Call to undefined function the_field() in /home/murilo/Documentos/Concluidos/Projetos_externos/Sites-WordPress/bikcraft/app/public/wp-content/themes/bikcraft/page-home.php:10
Stack trace:
#0 /home/murilo/Documentos/Concluidos/Projetos_externos/Sites-WordPress/bikcraft/app/public/wp-includes/template-loader.php(106): include()
#1 /home/murilo/Documentos/Concluidos/Projetos_externos/Sites-WordPress/bikcraft/app/public/wp-blog-header.php(19): require_once('/home/murilo/Do...')
#2 /home/murilo/Documentos/Concluidos/Projetos_externos/Sites-WordPress/bikcraft/app/public/index.php(17): require('/home/murilo/Do...')
#3 {main}
  thrown in /home/murilo/Documentos/Concluidos/Projetos_externos/Sites-WordPress/bikcraft/app/public/wp-content/themes/bikcraft/page-home.php on line 10
[23-Aug-2022 20:31:13 UTC] PHP Fatal error:  Uncaught Error: Call to undefined function the_field() in /home/murilo/Documentos/Concluidos/Projetos_externos/Sites-WordPress/bikcraft/app/public/wp-content/themes/bikcraft/page-home.php:10
Stack trace:
#0 /home/murilo/Documentos/Concluidos/Projetos_externos/Sites-WordPress/bikcraft/app/public/wp-includes/template-loader.php(106): include()
#1 /home/murilo/Documentos/Concluidos/Projetos_externos/Sites-WordPress/bikcraft/app/public/wp-blog-header.php(19): require_once('/home/murilo/Do...')
#2 /home/murilo/Documentos/Concluidos/Projetos_externos/Sites-WordPress/bikcraft/app/public/index.php(17): require('/home/murilo/Do...')
#3 {main}
  thrown in /home/murilo/Documentos/Concluidos/Projetos_externos/Sites-WordPress/bikcraft/app/public/wp-content/themes/bikcraft/page-home.php on line 10
[23-Aug-2022 20:31:13 UTC] PHP Fatal error:  Uncaught Error: Call to undefined function the_field() in /home/murilo/Documentos/Concluidos/Projetos_externos/Sites-WordPress/bikcraft/app/public/wp-content/themes/bikcraft/page-home.php:10
Stack trace:
#0 /home/murilo/Documentos/Concluidos/Projetos_externos/Sites-WordPress/bikcraft/app/public/wp-includes/template-loader.php(106): include()
#1 /home/murilo/Documentos/Concluidos/Projetos_externos/Sites-WordPress/bikcraft/app/public/wp-blog-header.php(19): require_once('/home/murilo/Do...')
#2 /home/murilo/Documentos/Concluidos/Projetos_externos/Sites-WordPress/bikcraft/app/public/index.php(17): require('/home/murilo/Do...')
#3 {main}
  thrown in /home/murilo/Documentos/Concluidos/Projetos_externos/Sites-WordPress/bikcraft/app/public/wp-content/themes/bikcraft/page-home.php on line 10
[23-Aug-2022 20:31:14 UTC] PHP Fatal error:  Uncaught Error: Call to undefined function the_field() in /home/murilo/Documentos/Concluidos/Projetos_externos/Sites-WordPress/bikcraft/app/public/wp-content/themes/bikcraft/page-home.php:10
Stack trace:
#0 /home/murilo/Documentos/Concluidos/Projetos_externos/Sites-WordPress/bikcraft/app/public/wp-includes/template-loader.php(106): include()
#1 /home/murilo/Documentos/Concluidos/Projetos_externos/Sites-WordPress/bikcraft/app/public/wp-blog-header.php(19): require_once('/home/murilo/Do...')
#2 /home/murilo/Documentos/Concluidos/Projetos_externos/Sites-WordPress/bikcraft/app/public/index.php(17): require('/home/murilo/Do...')
#3 {main}
  thrown in /home/murilo/Documentos/Concluidos/Projetos_externos/Sites-WordPress/bikcraft/app/public/wp-content/themes/bikcraft/page-home.php on line 10
[23-Aug-2022 20:33:44 UTC] PHP Fatal error:  Uncaught Error: Call to undefined function the_field() in /home/murilo/Documentos/Concluidos/Projetos_externos/Sites-WordPress/bikcraft/app/public/wp-content/themes/bikcraft/page-home.php:10
Stack trace:
#0 /home/murilo/Documentos/Concluidos/Projetos_externos/Sites-WordPress/bikcraft/app/public/wp-includes/template-loader.php(106): include()
#1 /home/murilo/Documentos/Concluidos/Projetos_externos/Sites-WordPress/bikcraft/app/public/wp-blog-header.php(19): require_once('/home/murilo/Do...')
#2 /home/murilo/Documentos/Concluidos/Projetos_externos/Sites-WordPress/bikcraft/app/public/index.php(17): require('/home/murilo/Do...')
#3 {main}
  thrown in /home/murilo/Documentos/Concluidos/Projetos_externos/Sites-WordPress/bikcraft/app/public/wp-content/themes/bikcraft/page-home.php on line 10
[23-Aug-2022 20:49:26 UTC] PHP Fatal error:  Uncaught Error: Call to undefined function the_field() in /home/murilo/Documentos/Concluidos/Projetos_externos/Sites-WordPress/bikcraft/app/public/wp-content/themes/bikcraft/page-home.php:10
Stack trace:
#0 /home/murilo/Documentos/Concluidos/Projetos_externos/Sites-WordPress/bikcraft/app/public/wp-includes/template-loader.php(106): include()
#1 /home/murilo/Documentos/Concluidos/Projetos_externos/Sites-WordPress/bikcraft/app/public/wp-blog-header.php(19): require_once('/home/murilo/Do...')
#2 /home/murilo/Documentos/Concluidos/Projetos_externos/Sites-WordPress/bikcraft/app/public/index.php(17): require('/home/murilo/Do...')
#3 {main}
  thrown in /home/murilo/Documentos/Concluidos/Projetos_externos/Sites-WordPress/bikcraft/app/public/wp-content/themes/bikcraft/page-home.php on line 10
[23-Aug-2022 20:49:27 UTC] PHP Fatal error:  Uncaught Error: Call to undefined function the_field() in /home/murilo/Documentos/Concluidos/Projetos_externos/Sites-WordPress/bikcraft/app/public/wp-content/themes/bikcraft/page-home.php:10
Stack trace:
#0 /home/murilo/Documentos/Concluidos/Projetos_externos/Sites-WordPress/bikcraft/app/public/wp-includes/template-loader.php(106): include()
#1 /home/murilo/Documentos/Concluidos/Projetos_externos/Sites-WordPress/bikcraft/app/public/wp-blog-header.php(19): require_once('/home/murilo/Do...')
#2 /home/murilo/Documentos/Concluidos/Projetos_externos/Sites-WordPress/bikcraft/app/public/index.php(17): require('/home/murilo/Do...')
#3 {main}
  thrown in /home/murilo/Documentos/Concluidos/Projetos_externos/Sites-WordPress/bikcraft/app/public/wp-content/themes/bikcraft/page-home.php on line 10
[23-Aug-2022 20:50:16 UTC] PHP Fatal error:  Uncaught Error: Call to undefined function the_field() in /home/murilo/Documentos/Concluidos/Projetos_externos/Sites-WordPress/bikcraft/app/public/wp-content/themes/bikcraft/page-home.php:10
Stack trace:
#0 /home/murilo/Documentos/Concluidos/Projetos_externos/Sites-WordPress/bikcraft/app/public/wp-includes/template-loader.php(106): include()
#1 /home/murilo/Documentos/Concluidos/Projetos_externos/Sites-WordPress/bikcraft/app/public/wp-blog-header.php(19): require_once('/home/murilo/Do...')
#2 /home/murilo/Documentos/Concluidos/Projetos_externos/Sites-WordPress/bikcraft/app/public/index.php(17): require('/home/murilo/Do...')
#3 {main}
  thrown in /home/murilo/Documentos/Concluidos/Projetos_externos/Sites-WordPress/bikcraft/app/public/wp-content/themes/bikcraft/page-home.php on line 10
[23-Aug-2022 20:51:31 UTC] PHP Fatal error:  Uncaught Error: Call to undefined function the_field() in /home/murilo/Documentos/Concluidos/Projetos_externos/Sites-WordPress/bikcraft/app/public/wp-content/themes/bikcraft/page-home.php:10
Stack trace:
#0 /home/murilo/Documentos/Concluidos/Projetos_externos/Sites-WordPress/bikcraft/app/public/wp-includes/template-loader.php(106): include()
#1 /home/murilo/Documentos/Concluidos/Projetos_externos/Sites-WordPress/bikcraft/app/public/wp-blog-header.php(19): require_once('/home/murilo/Do...')
#2 /home/murilo/Documentos/Concluidos/Projetos_externos/Sites-WordPress/bikcraft/app/public/index.php(17): require('/home/murilo/Do...')
#3 {main}
  thrown in /home/murilo/Documentos/Concluidos/Projetos_externos/Sites-WordPress/bikcraft/app/public/wp-content/themes/bikcraft/page-home.php on line 10
[23-Aug-2022 20:52:00 UTC] PHP Fatal error:  Uncaught Error: Call to undefined function the_field() in /home/murilo/Documentos/Concluidos/Projetos_externos/Sites-WordPress/bikcraft/app/public/wp-content/themes/bikcraft/page-home.php:10
Stack trace:
#0 /home/murilo/Documentos/Concluidos/Projetos_externos/Sites-WordPress/bikcraft/app/public/wp-includes/template-loader.php(106): include()
#1 /home/murilo/Documentos/Concluidos/Projetos_externos/Sites-WordPress/bikcraft/app/public/wp-blog-header.php(19): require_once('/home/murilo/Do...')
#2 /home/murilo/Documentos/Concluidos/Projetos_externos/Sites-WordPress/bikcraft/app/public/index.php(17): require('/home/murilo/Do...')
#3 {main}
  thrown in /home/murilo/Documentos/Concluidos/Projetos_externos/Sites-WordPress/bikcraft/app/public/wp-content/themes/bikcraft/page-home.php on line 10
[23-Aug-2022 20:52:01 UTC] PHP Fatal error:  Uncaught Error: Call to undefined function the_field() in /home/murilo/Documentos/Concluidos/Projetos_externos/Sites-WordPress/bikcraft/app/public/wp-content/themes/bikcraft/page-home.php:10
Stack trace:
#0 /home/murilo/Documentos/Concluidos/Projetos_externos/Sites-WordPress/bikcraft/app/public/wp-includes/template-loader.php(106): include()
#1 /home/murilo/Documentos/Concluidos/Projetos_externos/Sites-WordPress/bikcraft/app/public/wp-blog-header.php(19): require_once('/home/murilo/Do...')
#2 /home/murilo/Documentos/Concluidos/Projetos_externos/Sites-WordPress/bikcraft/app/public/index.php(17): require('/home/murilo/Do...')
#3 {main}
  thrown in /home/murilo/Documentos/Concluidos/Projetos_externos/Sites-WordPress/bikcraft/app/public/wp-content/themes/bikcraft/page-home.php on line 10
[23-Aug-2022 20:52:14 UTC] PHP Fatal error:  Uncaught Error: Call to undefined function the_field() in /home/murilo/Documentos/Concluidos/Projetos_externos/Sites-WordPress/bikcraft/app/public/wp-content/themes/bikcraft/page-home.php:10
Stack trace:
#0 /home/murilo/Documentos/Concluidos/Projetos_externos/Sites-WordPress/bikcraft/app/public/wp-includes/template-loader.php(106): include()
#1 /home/murilo/Documentos/Concluidos/Projetos_externos/Sites-WordPress/bikcraft/app/public/wp-blog-header.php(19): require_once('/home/murilo/Do...')
#2 /home/murilo/Documentos/Concluidos/Projetos_externos/Sites-WordPress/bikcraft/app/public/index.php(17): require('/home/murilo/Do...')
#3 {main}
  thrown in /home/murilo/Documentos/Concluidos/Projetos_externos/Sites-WordPress/bikcraft/app/public/wp-content/themes/bikcraft/page-home.php on line 10
[23-Aug-2022 20:53:37 UTC] PHP Fatal error:  Uncaught Error: Call to undefined function the_field() in /home/murilo/Documentos/Concluidos/Projetos_externos/Sites-WordPress/bikcraft/app/public/wp-content/themes/bikcraft/page-home.php:10
Stack trace:
#0 /home/murilo/Documentos/Concluidos/Projetos_externos/Sites-WordPress/bikcraft/app/public/wp-includes/template-loader.php(106): include()
#1 /home/murilo/Documentos/Concluidos/Projetos_externos/Sites-WordPress/bikcraft/app/public/wp-blog-header.php(19): require_once('/home/murilo/Do...')
#2 /home/murilo/Documentos/Concluidos/Projetos_externos/Sites-WordPress/bikcraft/app/public/index.php(17): require('/home/murilo/Do...')
#3 {main}
  thrown in /home/murilo/Documentos/Concluidos/Projetos_externos/Sites-WordPress/bikcraft/app/public/wp-content/themes/bikcraft/page-home.php on line 10
[23-Aug-2022 20:53:52 UTC] PHP Fatal error:  Uncaught Error: Call to undefined function the_field() in /home/murilo/Documentos/Concluidos/Projetos_externos/Sites-WordPress/bikcraft/app/public/wp-content/themes/bikcraft/page-home.php:10
Stack trace:
#0 /home/murilo/Documentos/Concluidos/Projetos_externos/Sites-WordPress/bikcraft/app/public/wp-includes/template-loader.php(106): include()
#1 /home/murilo/Documentos/Concluidos/Projetos_externos/Sites-WordPress/bikcraft/app/public/wp-blog-header.php(19): require_once('/home/murilo/Do...')
#2 /home/murilo/Documentos/Concluidos/Projetos_externos/Sites-WordPress/bikcraft/app/public/index.php(17): require('/home/murilo/Do...')
#3 {main}
  thrown in /home/murilo/Documentos/Concluidos/Projetos_externos/Sites-WordPress/bikcraft/app/public/wp-content/themes/bikcraft/page-home.php on line 10
[23-Aug-2022 20:54:02 UTC] PHP Fatal error:  Uncaught Error: Call to undefined function the_field() in /home/murilo/Documentos/Concluidos/Projetos_externos/Sites-WordPress/bikcraft/app/public/wp-content/themes/bikcraft/page-home.php:11
Stack trace:
#0 /home/murilo/Documentos/Concluidos/Projetos_externos/Sites-WordPress/bikcraft/app/public/wp-includes/template-loader.php(106): include()
#1 /home/murilo/Documentos/Concluidos/Projetos_externos/Sites-WordPress/bikcraft/app/public/wp-blog-header.php(19): require_once('/home/murilo/Do...')
#2 /home/murilo/Documentos/Concluidos/Projetos_externos/Sites-WordPress/bikcraft/app/public/index.php(17): require('/home/murilo/Do...')
#3 {main}
  thrown in /home/murilo/Documentos/Concluidos/Projetos_externos/Sites-WordPress/bikcraft/app/public/wp-content/themes/bikcraft/page-home.php on line 11
[23-Aug-2022 20:54:03 UTC] PHP Fatal error:  Uncaught Error: Call to undefined function the_field() in /home/murilo/Documentos/Concluidos/Projetos_externos/Sites-WordPress/bikcraft/app/public/wp-content/themes/bikcraft/page-home.php:11
Stack trace:
#0 /home/murilo/Documentos/Concluidos/Projetos_externos/Sites-WordPress/bikcraft/app/public/wp-includes/template-loader.php(106): include()
#1 /home/murilo/Documentos/Concluidos/Projetos_externos/Sites-WordPress/bikcraft/app/public/wp-blog-header.php(19): require_once('/home/murilo/Do...')
#2 /home/murilo/Documentos/Concluidos/Projetos_externos/Sites-WordPress/bikcraft/app/public/index.php(17): require('/home/murilo/Do...')
#3 {main}
  thrown in /home/murilo/Documentos/Concluidos/Projetos_externos/Sites-WordPress/bikcraft/app/public/wp-content/themes/bikcraft/page-home.php on line 11
[23-Aug-2022 20:54:11 UTC] PHP Fatal error:  Uncaught Error: Call to undefined function the_field() in /home/murilo/Documentos/Concluidos/Projetos_externos/Sites-WordPress/bikcraft/app/public/wp-content/themes/bikcraft/page-home.php:11
Stack trace:
#0 /home/murilo/Documentos/Concluidos/Projetos_externos/Sites-WordPress/bikcraft/app/public/wp-includes/template-loader.php(106): include()
#1 /home/murilo/Documentos/Concluidos/Projetos_externos/Sites-WordPress/bikcraft/app/public/wp-blog-header.php(19): require_once('/home/murilo/Do...')
#2 /home/murilo/Documentos/Concluidos/Projetos_externos/Sites-WordPress/bikcraft/app/public/index.php(17): require('/home/murilo/Do...')
#3 {main}
  thrown in /home/murilo/Documentos/Concluidos/Projetos_externos/Sites-WordPress/bikcraft/app/public/wp-content/themes/bikcraft/page-home.php on line 11
[23-Aug-2022 20:54:14 UTC] PHP Fatal error:  Uncaught Error: Call to undefined function the_field() in /home/murilo/Documentos/Concluidos/Projetos_externos/Sites-WordPress/bikcraft/app/public/wp-content/themes/bikcraft/page-home.php:11
Stack trace:
#0 /home/murilo/Documentos/Concluidos/Projetos_externos/Sites-WordPress/bikcraft/app/public/wp-includes/template-loader.php(106): include()
#1 /home/murilo/Documentos/Concluidos/Projetos_externos/Sites-WordPress/bikcraft/app/public/wp-blog-header.php(19): require_once('/home/murilo/Do...')
#2 /home/murilo/Documentos/Concluidos/Projetos_externos/Sites-WordPress/bikcraft/app/public/index.php(17): require('/home/murilo/Do...')
#3 {main}
  thrown in /home/murilo/Documentos/Concluidos/Projetos_externos/Sites-WordPress/bikcraft/app/public/wp-content/themes/bikcraft/page-home.php on line 11
[23-Aug-2022 20:54:15 UTC] PHP Fatal error:  Uncaught Error: Call to undefined function the_field() in /home/murilo/Documentos/Concluidos/Projetos_externos/Sites-WordPress/bikcraft/app/public/wp-content/themes/bikcraft/page-home.php:11
Stack trace:
#0 /home/murilo/Documentos/Concluidos/Projetos_externos/Sites-WordPress/bikcraft/app/public/wp-includes/template-loader.php(106): include()
#1 /home/murilo/Documentos/Concluidos/Projetos_externos/Sites-WordPress/bikcraft/app/public/wp-blog-header.php(19): require_once('/home/murilo/Do...')
#2 /home/murilo/Documentos/Concluidos/Projetos_externos/Sites-WordPress/bikcraft/app/public/index.php(17): require('/home/murilo/Do...')
#3 {main}
  thrown in /home/murilo/Documentos/Concluidos/Projetos_externos/Sites-WordPress/bikcraft/app/public/wp-content/themes/bikcraft/page-home.php on line 11
[23-Aug-2022 20:54:18 UTC] PHP Fatal error:  Uncaught Error: Call to undefined function the_field() in /home/murilo/Documentos/Concluidos/Projetos_externos/Sites-WordPress/bikcraft/app/public/wp-content/themes/bikcraft/page-home.php:11
Stack trace:
#0 /home/murilo/Documentos/Concluidos/Projetos_externos/Sites-WordPress/bikcraft/app/public/wp-includes/template-loader.php(106): include()
#1 /home/murilo/Documentos/Concluidos/Projetos_externos/Sites-WordPress/bikcraft/app/public/wp-blog-header.php(19): require_once('/home/murilo/Do...')
#2 /home/murilo/Documentos/Concluidos/Projetos_externos/Sites-WordPress/bikcraft/app/public/index.php(17): require('/home/murilo/Do...')
#3 {main}
  thrown in /home/murilo/Documentos/Concluidos/Projetos_externos/Sites-WordPress/bikcraft/app/public/wp-content/themes/bikcraft/page-home.php on line 11
[23-Aug-2022 20:54:19 UTC] PHP Fatal error:  Uncaught Error: Call to undefined function the_field() in /home/murilo/Documentos/Concluidos/Projetos_externos/Sites-WordPress/bikcraft/app/public/wp-content/themes/bikcraft/page-home.php:11
Stack trace:
#0 /home/murilo/Documentos/Concluidos/Projetos_externos/Sites-WordPress/bikcraft/app/public/wp-includes/template-loader.php(106): include()
#1 /home/murilo/Documentos/Concluidos/Projetos_externos/Sites-WordPress/bikcraft/app/public/wp-blog-header.php(19): require_once('/home/murilo/Do...')
#2 /home/murilo/Documentos/Concluidos/Projetos_externos/Sites-WordPress/bikcraft/app/public/index.php(17): require('/home/murilo/Do...')
#3 {main}
  thrown in /home/murilo/Documentos/Concluidos/Projetos_externos/Sites-WordPress/bikcraft/app/public/wp-content/themes/bikcraft/page-home.php on line 11
[23-Aug-2022 20:54:27 UTC] PHP Fatal error:  Uncaught Error: Call to undefined function the_field() in /home/murilo/Documentos/Concluidos/Projetos_externos/Sites-WordPress/bikcraft/app/public/wp-content/themes/bikcraft/page-home.php:9
Stack trace:
#0 /home/murilo/Documentos/Concluidos/Projetos_externos/Sites-WordPress/bikcraft/app/public/wp-includes/template-loader.php(106): include()
#1 /home/murilo/Documentos/Concluidos/Projetos_externos/Sites-WordPress/bikcraft/app/public/wp-blog-header.php(19): require_once('/home/murilo/Do...')
#2 /home/murilo/Documentos/Concluidos/Projetos_externos/Sites-WordPress/bikcraft/app/public/index.php(17): require('/home/murilo/Do...')
#3 {main}
  thrown in /home/murilo/Documentos/Concluidos/Projetos_externos/Sites-WordPress/bikcraft/app/public/wp-content/themes/bikcraft/page-home.php on line 9
[23-Aug-2022 20:54:29 UTC] PHP Fatal error:  Uncaught Error: Call to undefined function the_field() in /home/murilo/Documentos/Concluidos/Projetos_externos/Sites-WordPress/bikcraft/app/public/wp-content/themes/bikcraft/page-home.php:9
Stack trace:
#0 /home/murilo/Documentos/Concluidos/Projetos_externos/Sites-WordPress/bikcraft/app/public/wp-includes/template-loader.php(106): include()
#1 /home/murilo/Documentos/Concluidos/Projetos_externos/Sites-WordPress/bikcraft/app/public/wp-blog-header.php(19): require_once('/home/murilo/Do...')
#2 /home/murilo/Documentos/Concluidos/Projetos_externos/Sites-WordPress/bikcraft/app/public/index.php(17): require('/home/murilo/Do...')
#3 {main}
  thrown in /home/murilo/Documentos/Concluidos/Projetos_externos/Sites-WordPress/bikcraft/app/public/wp-content/themes/bikcraft/page-home.php on line 9
[23-Aug-2022 20:57:21 UTC] PHP Fatal error:  Uncaught Error: Call to undefined function the_field() in /home/murilo/Documentos/Concluidos/Projetos_externos/Sites-WordPress/bikcraft/app/public/wp-content/themes/bikcraft/page-home.php:11
Stack trace:
#0 /home/murilo/Documentos/Concluidos/Projetos_externos/Sites-WordPress/bikcraft/app/public/wp-includes/template-loader.php(106): include()
#1 /home/murilo/Documentos/Concluidos/Projetos_externos/Sites-WordPress/bikcraft/app/public/wp-blog-header.php(19): require_once('/home/murilo/Do...')
#2 /home/murilo/Documentos/Concluidos/Projetos_externos/Sites-WordPress/bikcraft/app/public/index.php(17): require('/home/murilo/Do...')
#3 {main}
  thrown in /home/murilo/Documentos/Concluidos/Projetos_externos/Sites-WordPress/bikcraft/app/public/wp-content/themes/bikcraft/page-home.php on line 11
[23-Aug-2022 20:57:22 UTC] PHP Fatal error:  Uncaught Error: Call to undefined function the_field() in /home/murilo/Documentos/Concluidos/Projetos_externos/Sites-WordPress/bikcraft/app/public/wp-content/themes/bikcraft/page-home.php:11
Stack trace:
#0 /home/murilo/Documentos/Concluidos/Projetos_externos/Sites-WordPress/bikcraft/app/public/wp-includes/template-loader.php(106): include()
#1 /home/murilo/Documentos/Concluidos/Projetos_externos/Sites-WordPress/bikcraft/app/public/wp-blog-header.php(19): require_once('/home/murilo/Do...')
#2 /home/murilo/Documentos/Concluidos/Projetos_externos/Sites-WordPress/bikcraft/app/public/index.php(17): require('/home/murilo/Do...')
#3 {main}
  thrown in /home/murilo/Documentos/Concluidos/Projetos_externos/Sites-WordPress/bikcraft/app/public/wp-content/themes/bikcraft/page-home.php on line 11
[23-Aug-2022 20:57:26 UTC] PHP Fatal error:  Uncaught Error: Call to undefined function the_field() in /home/murilo/Documentos/Concluidos/Projetos_externos/Sites-WordPress/bikcraft/app/public/wp-content/themes/bikcraft/page-home.php:9
Stack trace:
#0 /home/murilo/Documentos/Concluidos/Projetos_externos/Sites-WordPress/bikcraft/app/public/wp-includes/template-loader.php(106): include()
#1 /home/murilo/Documentos/Concluidos/Projetos_externos/Sites-WordPress/bikcraft/app/public/wp-blog-header.php(19): require_once('/home/murilo/Do...')
#2 /home/murilo/Documentos/Concluidos/Projetos_externos/Sites-WordPress/bikcraft/app/public/index.php(17): require('/home/murilo/Do...')
#3 {main}
  thrown in /home/murilo/Documentos/Concluidos/Projetos_externos/Sites-WordPress/bikcraft/app/public/wp-content/themes/bikcraft/page-home.php on line 9
